<?xml version="1.0" encoding="UTF-8"?>
<!-- Generated by org.testng.reporters.JUnitReportReporter -->
<testsuite hostname="DESKTOP-RU1NRDM" failures="0" tests="2" name="FirstTest" time="30.486" errors="0" timestamp="2021-06-27T18:15:28 IST" skipped="0">
  <testcase classname="FirstTest" name="firstTest" time="20.226"/>
  <system-out/>
  <testcase classname="FirstTest" name="firstTest" time="10.260"/>
  <system-out/>
</testsuite> <!-- FirstTest -->
